-------------------------------------------------------------------------------
Test set: ProvesUnitaries.Practica3Test
-------------------------------------------------------------------------------
Tests run: 1, Failures: 1, Errors: 0, Skipped: 0, Time elapsed: 0.04 s <<< FAILURE! - in ProvesUnitaries.Practica3Test
testInverteix  Time elapsed: 0.023 s  <<< FAILURE!
org.opentest4j.AssertionFailedError: expected: <vni> but was: <>
	at ProvesUnitaries.Practica3Test.testInverteix(Practica3Test.java:60)

